{"/Users/toriyukari/gzmtec/backend/config/db.js": {"path":"/Users/toriyukari/gzmtec/backend/config/db.js","statementMap":{"0":{"start":{"line":1,"column":14},"end":{"line":1,"column":39}},"1":{"start":{"line":2,"column":13},"end":{"line":2,"column":28}},"2":{"start":{"line":3,"column":15},"end":{"line":3,"column":32}},"3":{"start":{"line":5,"column":0},"end":{"line":5,"column":63}},"4":{"start":{"line":7,"column":13},"end":{"line":16,"column":2}},"5":{"start":{"line":17,"column":0},"end":{"line":17,"column":52}},"6":{"start":{"line":19,"column":0},"end":{"line":19,"column":22}}},"fnMap":{},"branchMap":{"0":{"loc":{"start":{"line":9,"column":8},"end":{"line":9,"column":35}},"type":"binary-expr","locations":[{"start":{"line":9,"column":8},"end":{"line":9,"column":27}},{"start":{"line":9,"column":31},"end":{"line":9,"column":35}}],"line":9}},"s":{"0":2,"1":2,"2":2,"3":2,"4":2,"5":2,"6":2},"f":{},"b":{"0":[2,0]},"_coverageSchema":"1a1c01bbd47fc00a2c39e90264f33305004495a9","hash":"735e4a4844ada46955be3464956a2d3bf3760ee1"}
,"/Users/toriyukari/gzmtec/backend/controllers/tripPlanner.controller.js": {"path":"/Users/toriyukari/gzmtec/backend/controllers/tripPlanner.controller.js","statementMap":{"0":{"start":{"line":1,"column":14},"end":{"line":1,"column":30}},"1":{"start":{"line":2,"column":33},"end":{"line":2,"column":79}},"2":{"start":{"line":3,"column":20},"end":{"line":3,"column":55}},"3":{"start":{"line":5,"column":32},"end":{"line":35,"column":1}},"4":{"start":{"line":37,"column":30},"end":{"line":168,"column":1}},"5":{"start":{"line":39,"column":63},"end":{"line":39,"column":72}},"6":{"start":{"line":41,"column":8},"end":{"line":45,"column":9}},"7":{"start":{"line":42,"column":12},"end":{"line":44,"column":15}},"8":{"start":{"line":47,"column":8},"end":{"line":166,"column":9}},"9":{"start":{"line":48,"column":32},"end":{"line":48,"column":122}},"10":{"start":{"line":50,"column":32},"end":{"line":60,"column":14}},"11":{"start":{"line":62,"column":32},"end":{"line":62,"column":78}},"12":{"start":{"line":64,"column":33},"end":{"line":64,"column":35}},"13":{"start":{"line":65,"column":12},"end":{"line":70,"column":13}},"14":{"start":{"line":66,"column":16},"end":{"line":66,"column":74}},"15":{"start":{"line":67,"column":16},"end":{"line":67,"column":72}},"16":{"start":{"line":67,"column":52},"end":{"line":67,"column":72}},"17":{"start":{"line":69,"column":16},"end":{"line":69,"column":95}},"18":{"start":{"line":72,"column":12},"end":{"line":156,"column":13}},"19":{"start":{"line":73,"column":16},"end":{"line":73,"column":46}},"20":{"start":{"line":73,"column":37},"end":{"line":73,"column":46}},"21":{"start":{"line":75,"column":16},"end":{"line":155,"column":17}},"22":{"start":{"line":76,"column":20},"end":{"line":154,"column":21}},"23":{"start":{"line":77,"column":24},"end":{"line":77,"column":58}},"24":{"start":{"line":77,"column":49},"end":{"line":77,"column":58}},"25":{"start":{"line":79,"column":42},"end":{"line":79,"column":62}},"26":{"start":{"line":80,"column":43},"end":{"line":80,"column":65}},"27":{"start":{"line":82,"column":24},"end":{"line":151,"column":25}},"28":{"start":{"line":83,"column":43},"end":{"line":83,"column":70}},"29":{"start":{"line":85,"column":53},"end":{"line":85,"column":54}},"30":{"start":{"line":86,"column":47},"end":{"line":86,"column":48}},"31":{"start":{"line":87,"column":46},"end":{"line":87,"column":48}},"32":{"start":{"line":88,"column":41},"end":{"line":88,"column":46}},"33":{"start":{"line":90,"column":40},"end":{"line":90,"column":50}},"34":{"start":{"line":92,"column":51},"end":{"line":94,"column":89}},"35":{"start":{"line":96,"column":57},"end":{"line":96,"column":80}},"36":{"start":{"line":98,"column":50},"end":{"line":98,"column":63}},"37":{"start":{"line":99,"column":54},"end":{"line":99,"column":67}},"38":{"start":{"line":100,"column":53},"end":{"line":100,"column":67}},"39":{"start":{"line":102,"column":53},"end":{"line":103,"column":106}},"40":{"start":{"line":105,"column":28},"end":{"line":120,"column":29}},"41":{"start":{"line":106,"column":52},"end":{"line":109,"column":33}},"42":{"start":{"line":107,"column":36},"end":{"line":108,"column":78}},"43":{"start":{"line":111,"column":32},"end":{"line":119,"column":33}},"44":{"start":{"line":112,"column":51},"end":{"line":112,"column":83}},"45":{"start":{"line":113,"column":58},"end":{"line":113,"column":83}},"46":{"start":{"line":114,"column":58},"end":{"line":114,"column":85}},"47":{"start":{"line":116,"column":36},"end":{"line":116,"column":105}},"48":{"start":{"line":117,"column":36},"end":{"line":117,"column":50}},"49":{"start":{"line":118,"column":36},"end":{"line":118,"column":175}},"50":{"start":{"line":122,"column":28},"end":{"line":143,"column":29}},"51":{"start":{"line":123,"column":32},"end":{"line":142,"column":33}},"52":{"start":{"line":124,"column":58},"end":{"line":124,"column":81}},"53":{"start":{"line":125,"column":65},"end":{"line":125,"column":163}},"54":{"start":{"line":126,"column":54},"end":{"line":126,"column":58}},"55":{"start":{"line":127,"column":52},"end":{"line":127,"column":110}},"56":{"start":{"line":129,"column":36},"end":{"line":129,"column":114}},"57":{"start":{"line":131,"column":36},"end":{"line":131,"column":172}},"58":{"start":{"line":132,"column":36},"end":{"line":132,"column":70}},"59":{"start":{"line":134,"column":36},"end":{"line":139,"column":37}},"60":{"start":{"line":135,"column":55},"end":{"line":135,"column":125}},"61":{"start":{"line":135,"column":88},"end":{"line":135,"column":121}},"62":{"start":{"line":136,"column":59},"end":{"line":136,"column":80}},"63":{"start":{"line":137,"column":40},"end":{"line":137,"column":83}},"64":{"start":{"line":138,"column":40},"end":{"line":138,"column":110}},"65":{"start":{"line":141,"column":36},"end":{"line":141,"column":91}},"66":{"start":{"line":144,"column":28},"end":{"line":144,"column":79}},"67":{"start":{"line":145,"column":28},"end":{"line":145,"column":69}},"68":{"start":{"line":146,"column":28},"end":{"line":146,"column":67}},"69":{"start":{"line":147,"column":28},"end":{"line":147,"column":101}},"70":{"start":{"line":148,"column":28},"end":{"line":148,"column":48}},"71":{"start":{"line":150,"column":28},"end":{"line":150,"column":97}},"72":{"start":{"line":153,"column":24},"end":{"line":153,"column":79}},"73":{"start":{"line":158,"column":12},"end":{"line":158,"column":46}},"74":{"start":{"line":161,"column":12},"end":{"line":161,"column":86}},"75":{"start":{"line":162,"column":12},"end":{"line":165,"column":15}},"76":{"start":{"line":170,"column":0},"end":{"line":170,"column":39}}},"fnMap":{"0":{"name":"(anonymous_0)","decl":{"start":{"line":38,"column":17},"end":{"line":38,"column":18}},"loc":{"start":{"line":38,"column":37},"end":{"line":167,"column":5}},"line":38},"1":{"name":"(anonymous_1)","decl":{"start":{"line":106,"column":72},"end":{"line":106,"column":73}},"loc":{"start":{"line":107,"column":36},"end":{"line":108,"column":78}},"line":107},"2":{"name":"(anonymous_2)","decl":{"start":{"line":135,"column":74},"end":{"line":135,"column":75}},"loc":{"start":{"line":135,"column":88},"end":{"line":135,"column":121}},"line":135}},"branchMap":{"0":{"loc":{"start":{"line":41,"column":8},"end":{"line":45,"column":9}},"type":"if","locations":[{"start":{"line":41,"column":8},"end":{"line":45,"column":9}},{"start":{},"end":{}}],"line":41},"1":{"loc":{"start":{"line":41,"column":12},"end":{"line":41,"column":70}},"type":"binary-expr","locations":[{"start":{"line":41,"column":12},"end":{"line":41,"column":20}},{"start":{"line":41,"column":24},"end":{"line":41,"column":32}},{"start":{"line":41,"column":36},"end":{"line":41,"column":42}},{"start":{"line":41,"column":46},"end":{"line":41,"column":52}},{"start":{"line":41,"column":56},"end":{"line":41,"column":61}},{"start":{"line":41,"column":65},"end":{"line":41,"column":70}}],"line":41},"2":{"loc":{"start":{"line":62,"column":32},"end":{"line":62,"column":78}},"type":"binary-expr","locations":[{"start":{"line":62,"column":32},"end":{"line":62,"column":72}},{"start":{"line":62,"column":76},"end":{"line":62,"column":78}}],"line":62},"3":{"loc":{"start":{"line":67,"column":16},"end":{"line":67,"column":72}},"type":"if","locations":[{"start":{"line":67,"column":16},"end":{"line":67,"column":72}},{"start":{},"end":{}}],"line":67},"4":{"loc":{"start":{"line":73,"column":16},"end":{"line":73,"column":46}},"type":"if","locations":[{"start":{"line":73,"column":16},"end":{"line":73,"column":46}},{"start":{},"end":{}}],"line":73},"5":{"loc":{"start":{"line":77,"column":24},"end":{"line":77,"column":58}},"type":"if","locations":[{"start":{"line":77,"column":24},"end":{"line":77,"column":58}},{"start":{},"end":{}}],"line":77},"6":{"loc":{"start":{"line":82,"column":24},"end":{"line":151,"column":25}},"type":"if","locations":[{"start":{"line":82,"column":24},"end":{"line":151,"column":25}},{"start":{},"end":{}}],"line":82},"7":{"loc":{"start":{"line":82,"column":28},"end":{"line":82,"column":51}},"type":"binary-expr","locations":[{"start":{"line":82,"column":28},"end":{"line":82,"column":37}},{"start":{"line":82,"column":41},"end":{"line":82,"column":51}}],"line":82},"8":{"loc":{"start":{"line":102,"column":53},"end":{"line":103,"column":106}},"type":"binary-expr","locations":[{"start":{"line":102,"column":54},"end":{"line":102,"column":106}},{"start":{"line":103,"column":54},"end":{"line":103,"column":105}}],"line":102},"9":{"loc":{"start":{"line":105,"column":28},"end":{"line":120,"column":29}},"type":"if","locations":[{"start":{"line":105,"column":28},"end":{"line":120,"column":29}},{"start":{},"end":{}}],"line":105},"10":{"loc":{"start":{"line":105,"column":32},"end":{"line":105,"column":71}},"type":"binary-expr","locations":[{"start":{"line":105,"column":32},"end":{"line":105,"column":51}},{"start":{"line":105,"column":55},"end":{"line":105,"column":71}}],"line":105},"11":{"loc":{"start":{"line":107,"column":36},"end":{"line":108,"column":78}},"type":"binary-expr","locations":[{"start":{"line":107,"column":36},"end":{"line":107,"column":78}},{"start":{"line":108,"column":36},"end":{"line":108,"column":78}}],"line":107},"12":{"loc":{"start":{"line":111,"column":32},"end":{"line":119,"column":33}},"type":"if","locations":[{"start":{"line":111,"column":32},"end":{"line":119,"column":33}},{"start":{},"end":{}}],"line":111},"13":{"loc":{"start":{"line":113,"column":65},"end":{"line":113,"column":82}},"type":"binary-expr","locations":[{"start":{"line":113,"column":65},"end":{"line":113,"column":71}},{"start":{"line":113,"column":75},"end":{"line":113,"column":82}}],"line":113},"14":{"loc":{"start":{"line":116,"column":57},"end":{"line":116,"column":104}},"type":"cond-expr","locations":[{"start":{"line":116,"column":87},"end":{"line":116,"column":88}},{"start":{"line":116,"column":91},"end":{"line":116,"column":104}}],"line":116},"15":{"loc":{"start":{"line":122,"column":28},"end":{"line":143,"column":29}},"type":"if","locations":[{"start":{"line":122,"column":28},"end":{"line":143,"column":29}},{"start":{},"end":{}}],"line":122},"16":{"loc":{"start":{"line":134,"column":36},"end":{"line":139,"column":37}},"type":"if","locations":[{"start":{"line":134,"column":36},"end":{"line":139,"column":37}},{"start":{},"end":{}}],"line":134},"17":{"loc":{"start":{"line":161,"column":47},"end":{"line":161,"column":84}},"type":"binary-expr","locations":[{"start":{"line":161,"column":47},"end":{"line":161,"column":67}},{"start":{"line":161,"column":71},"end":{"line":161,"column":84}}],"line":161}},"s":{"0":1,"1":1,"2":1,"3":1,"4":1,"5":2,"6":2,"7":1,"8":1,"9":1,"10":1,"11":1,"12":1,"13":1,"14":1,"15":1,"16":0,"17":0,"18":1,"19":1,"20":0,"21":1,"22":1,"23":1,"24":0,"25":1,"26":1,"27":1,"28":1,"29":1,"30":1,"31":1,"32":1,"33":1,"34":1,"35":1,"36":1,"37":1,"38":1,"39":1,"40":1,"41":0,"42":0,"43":0,"44":0,"45":0,"46":0,"47":0,"48":0,"49":0,"50":1,"51":1,"52":1,"53":1,"54":1,"55":1,"56":1,"57":1,"58":1,"59":1,"60":1,"61":2,"62":1,"63":1,"64":1,"65":0,"66":1,"67":1,"68":1,"69":1,"70":1,"71":1,"72":0,"73":1,"74":0,"75":0,"76":1},"f":{"0":2,"1":0,"2":2},"b":{"0":[1,1],"1":[2,2,1,1,1,1],"2":[1,0],"3":[0,1],"4":[0,1],"5":[0,1],"6":[1,0],"7":[1,1],"8":[1,0],"9":[0,1],"10":[1,0],"11":[0,0],"12":[0,0],"13":[0,0],"14":[0,0],"15":[1,0],"16":[1,0],"17":[0,0]},"_coverageSchema":"1a1c01bbd47fc00a2c39e90264f33305004495a9","hash":"59d47449bb5bf77a4a333cc7b50253d324d16609"}
,"/Users/toriyukari/gzmtec/backend/models/deviationLogger.model.js": {"path":"/Users/toriyukari/gzmtec/backend/models/deviationLogger.model.js","statementMap":{"0":{"start":{"line":1,"column":11},"end":{"line":1,"column":34}},"1":{"start":{"line":3,"column":26},"end":{"line":3,"column":74}},"2":{"start":{"line":5,"column":30},"end":{"line":8,"column":21}},"3":{"start":{"line":5,"column":36},"end":{"line":8,"column":21}},"4":{"start":{"line":10,"column":29},"end":{"line":16,"column":1}},"5":{"start":{"line":12,"column":24},"end":{"line":12,"column":47}},"6":{"start":{"line":13,"column":23},"end":{"line":13,"column":229}},"7":{"start":{"line":14,"column":8},"end":{"line":14,"column":34}},"8":{"start":{"line":18,"column":0},"end":{"line":18,"column":38}}},"fnMap":{"0":{"name":"(anonymous_0)","decl":{"start":{"line":5,"column":30},"end":{"line":5,"column":31}},"loc":{"start":{"line":5,"column":36},"end":{"line":8,"column":21}},"line":5},"1":{"name":"(anonymous_1)","decl":{"start":{"line":11,"column":19},"end":{"line":11,"column":20}},"loc":{"start":{"line":11,"column":78},"end":{"line":15,"column":5}},"line":11}},"branchMap":{"0":{"loc":{"start":{"line":3,"column":26},"end":{"line":3,"column":74}},"type":"binary-expr","locations":[{"start":{"line":3,"column":26},"end":{"line":3,"column":55}},{"start":{"line":3,"column":59},"end":{"line":3,"column":74}}],"line":3}},"s":{"0":1,"1":1,"2":1,"3":0,"4":1,"5":0,"6":0,"7":0,"8":1},"f":{"0":0,"1":0},"b":{"0":[1,1]},"_coverageSchema":"1a1c01bbd47fc00a2c39e90264f33305004495a9","hash":"68983cad3c66cb9349011a7d31c171b7156c2b21"}
,"/Users/toriyukari/gzmtec/backend/models/deviationOperations.model.js": {"path":"/Users/toriyukari/gzmtec/backend/models/deviationOperations.model.js","statementMap":{"0":{"start":{"line":1,"column":11},"end":{"line":1,"column":34}},"1":{"start":{"line":3,"column":26},"end":{"line":3,"column":74}},"2":{"start":{"line":5,"column":30},"end":{"line":8,"column":21}},"3":{"start":{"line":5,"column":36},"end":{"line":8,"column":21}},"4":{"start":{"line":10,"column":33},"end":{"line":34,"column":1}},"5":{"start":{"line":12,"column":27},"end":{"line":12,"column":55}},"6":{"start":{"line":14,"column":20},"end":{"line":25,"column":9}},"7":{"start":{"line":27,"column":24},"end":{"line":27,"column":54}},"8":{"start":{"line":28,"column":24},"end":{"line":28,"column":54}},"9":{"start":{"line":30,"column":23},"end":{"line":30,"column":90}},"10":{"start":{"line":31,"column":8},"end":{"line":31,"column":77}},"11":{"start":{"line":32,"column":8},"end":{"line":32,"column":20}},"12":{"start":{"line":36,"column":0},"end":{"line":36,"column":42}}},"fnMap":{"0":{"name":"(anonymous_0)","decl":{"start":{"line":5,"column":30},"end":{"line":5,"column":31}},"loc":{"start":{"line":5,"column":36},"end":{"line":8,"column":21}},"line":5},"1":{"name":"(anonymous_1)","decl":{"start":{"line":11,"column":35},"end":{"line":11,"column":36}},"loc":{"start":{"line":11,"column":106},"end":{"line":33,"column":5}},"line":11}},"branchMap":{"0":{"loc":{"start":{"line":3,"column":26},"end":{"line":3,"column":74}},"type":"binary-expr","locations":[{"start":{"line":3,"column":26},"end":{"line":3,"column":55}},{"start":{"line":3,"column":59},"end":{"line":3,"column":74}}],"line":3}},"s":{"0":1,"1":1,"2":1,"3":0,"4":1,"5":0,"6":0,"7":0,"8":0,"9":0,"10":0,"11":0,"12":1},"f":{"0":0,"1":0},"b":{"0":[1,1]},"_coverageSchema":"1a1c01bbd47fc00a2c39e90264f33305004495a9","hash":"6d683621000d0b679fee7a8427b8af2119a505e6"}
,"/Users/toriyukari/gzmtec/backend/services/deviationLogger.service.js": {"path":"/Users/toriyukari/gzmtec/backend/services/deviationLogger.service.js","statementMap":{"0":{"start":{"line":1,"column":20},"end":{"line":1,"column":45}},"1":{"start":{"line":2,"column":29},"end":{"line":2,"column":71}},"2":{"start":{"line":4,"column":31},"end":{"line":31,"column":1}},"3":{"start":{"line":6,"column":21},"end":{"line":6,"column":61}},"4":{"start":{"line":7,"column":4},"end":{"line":9,"column":5}},"5":{"start":{"line":8,"column":6},"end":{"line":8,"column":15}},"6":{"start":{"line":11,"column":19},"end":{"line":11,"column":20}},"7":{"start":{"line":12,"column":4},"end":{"line":27,"column":5}},"8":{"start":{"line":13,"column":19},"end":{"line":13,"column":40}},"9":{"start":{"line":14,"column":24},"end":{"line":14,"column":50}},"10":{"start":{"line":15,"column":21},"end":{"line":15,"column":50}},"11":{"start":{"line":16,"column":24},"end":{"line":16,"column":43}},"12":{"start":{"line":17,"column":24},"end":{"line":17,"column":52}},"13":{"start":{"line":19,"column":6},"end":{"line":21,"column":7}},"14":{"start":{"line":20,"column":8},"end":{"line":20,"column":17}},"15":{"start":{"line":23,"column":27},"end":{"line":23,"column":122}},"16":{"start":{"line":24,"column":34},"end":{"line":24,"column":107}},"17":{"start":{"line":25,"column":6},"end":{"line":25,"column":103}},"18":{"start":{"line":26,"column":6},"end":{"line":26,"column":20}},"19":{"start":{"line":29,"column":4},"end":{"line":29,"column":20}},"20":{"start":{"line":33,"column":0},"end":{"line":33,"column":40}}},"fnMap":{"0":{"name":"(anonymous_0)","decl":{"start":{"line":5,"column":30},"end":{"line":5,"column":31}},"loc":{"start":{"line":5,"column":42},"end":{"line":30,"column":3}},"line":5}},"branchMap":{"0":{"loc":{"start":{"line":7,"column":4},"end":{"line":9,"column":5}},"type":"if","locations":[{"start":{"line":7,"column":4},"end":{"line":9,"column":5}},{"start":{},"end":{}}],"line":7},"1":{"loc":{"start":{"line":13,"column":19},"end":{"line":13,"column":40}},"type":"binary-expr","locations":[{"start":{"line":13,"column":19},"end":{"line":13,"column":32}},{"start":{"line":13,"column":36},"end":{"line":13,"column":40}}],"line":13},"2":{"loc":{"start":{"line":14,"column":24},"end":{"line":14,"column":50}},"type":"binary-expr","locations":[{"start":{"line":14,"column":24},"end":{"line":14,"column":42}},{"start":{"line":14,"column":46},"end":{"line":14,"column":50}}],"line":14},"3":{"loc":{"start":{"line":15,"column":21},"end":{"line":15,"column":50}},"type":"binary-expr","locations":[{"start":{"line":15,"column":21},"end":{"line":15,"column":42}},{"start":{"line":15,"column":46},"end":{"line":15,"column":50}}],"line":15},"4":{"loc":{"start":{"line":16,"column":24},"end":{"line":16,"column":43}},"type":"binary-expr","locations":[{"start":{"line":16,"column":24},"end":{"line":16,"column":35}},{"start":{"line":16,"column":39},"end":{"line":16,"column":43}}],"line":16},"5":{"loc":{"start":{"line":19,"column":6},"end":{"line":21,"column":7}},"type":"if","locations":[{"start":{"line":19,"column":6},"end":{"line":21,"column":7}},{"start":{},"end":{}}],"line":19},"6":{"loc":{"start":{"line":19,"column":10},"end":{"line":19,"column":40}},"type":"binary-expr","locations":[{"start":{"line":19,"column":10},"end":{"line":19,"column":15}},{"start":{"line":19,"column":19},"end":{"line":19,"column":26}},{"start":{"line":19,"column":30},"end":{"line":19,"column":40}}],"line":19},"7":{"loc":{"start":{"line":23,"column":27},"end":{"line":23,"column":122}},"type":"cond-expr","locations":[{"start":{"line":23,"column":95},"end":{"line":23,"column":102}},{"start":{"line":23,"column":105},"end":{"line":23,"column":122}}],"line":23},"8":{"loc":{"start":{"line":23,"column":27},"end":{"line":23,"column":92}},"type":"binary-expr","locations":[{"start":{"line":23,"column":27},"end":{"line":23,"column":45}},{"start":{"line":23,"column":49},"end":{"line":23,"column":72}},{"start":{"line":23,"column":76},"end":{"line":23,"column":92}}],"line":23},"9":{"loc":{"start":{"line":24,"column":34},"end":{"line":24,"column":107}},"type":"cond-expr","locations":[{"start":{"line":24,"column":77},"end":{"line":24,"column":78}},{"start":{"line":24,"column":81},"end":{"line":24,"column":107}}],"line":24}},"s":{"0":1,"1":1,"2":1,"3":1,"4":1,"5":0,"6":1,"7":1,"8":2,"9":2,"10":2,"11":2,"12":2,"13":2,"14":1,"15":1,"16":1,"17":1,"18":1,"19":1,"20":1},"f":{"0":1},"b":{"0":[0,1],"1":[2,1],"2":[2,0],"3":[2,0],"4":[2,0],"5":[1,1],"6":[2,1,1],"7":[0,1],"8":[1,1,1],"9":[0,1]},"_coverageSchema":"1a1c01bbd47fc00a2c39e90264f33305004495a9","hash":"b138db6cc23388ce87d6b90619c2014840e208c1"}
,"/Users/toriyukari/gzmtec/backend/services/sdip.service.js": {"path":"/Users/toriyukari/gzmtec/backend/services/sdip.service.js","statementMap":{"0":{"start":{"line":1,"column":14},"end":{"line":1,"column":30}},"1":{"start":{"line":3,"column":22},"end":{"line":3,"column":89}},"2":{"start":{"line":4,"column":22},"end":{"line":4,"column":87}},"3":{"start":{"line":5,"column":27},"end":{"line":5,"column":92}},"4":{"start":{"line":6,"column":28},"end":{"line":6,"column":95}},"5":{"start":{"line":8,"column":20},"end":{"line":28,"column":1}},"6":{"start":{"line":10,"column":25},"end":{"line":10,"column":55}},"7":{"start":{"line":11,"column":8},"end":{"line":11,"column":29}},"8":{"start":{"line":15,"column":25},"end":{"line":15,"column":55}},"9":{"start":{"line":16,"column":8},"end":{"line":16,"column":29}},"10":{"start":{"line":20,"column":25},"end":{"line":20,"column":60}},"11":{"start":{"line":21,"column":8},"end":{"line":21,"column":29}},"12":{"start":{"line":25,"column":25},"end":{"line":25,"column":61}},"13":{"start":{"line":26,"column":8},"end":{"line":26,"column":29}},"14":{"start":{"line":30,"column":0},"end":{"line":30,"column":29}}},"fnMap":{"0":{"name":"(anonymous_0)","decl":{"start":{"line":9,"column":17},"end":{"line":9,"column":18}},"loc":{"start":{"line":9,"column":34},"end":{"line":12,"column":5}},"line":9},"1":{"name":"(anonymous_1)","decl":{"start":{"line":14,"column":19},"end":{"line":14,"column":20}},"loc":{"start":{"line":14,"column":36},"end":{"line":17,"column":5}},"line":14},"2":{"name":"(anonymous_2)","decl":{"start":{"line":19,"column":16},"end":{"line":19,"column":17}},"loc":{"start":{"line":19,"column":33},"end":{"line":22,"column":5}},"line":19},"3":{"name":"(anonymous_3)","decl":{"start":{"line":24,"column":26},"end":{"line":24,"column":27}},"loc":{"start":{"line":24,"column":43},"end":{"line":27,"column":5}},"line":24}},"branchMap":{},"s":{"0":2,"1":2,"2":2,"3":2,"4":2,"5":2,"6":0,"7":0,"8":0,"9":0,"10":0,"11":0,"12":1,"13":1,"14":2},"f":{"0":0,"1":0,"2":0,"3":1},"b":{},"_coverageSchema":"1a1c01bbd47fc00a2c39e90264f33305004495a9","hash":"125b0ed7f31dffe2669c8b0727e7d21526c396b8"}
}
