TN:
SF:config/db.js
FNF:0
FNH:0
DA:1,2
DA:2,2
DA:3,2
DA:5,2
DA:7,2
DA:17,2
DA:19,2
LF:7
LH:7
BRDA:9,0,0,2
BRDA:9,0,1,0
BRF:2
BRH:1
end_of_record
TN:
SF:controllers/tripPlanner.controller.js
FN:38,(anonymous_0)
FN:106,(anonymous_1)
FN:135,(anonymous_2)
FNF:3
FNH:2
FNDA:2,(anonymous_0)
FNDA:0,(anonymous_1)
FNDA:2,(anonymous_2)
DA:1,1
DA:2,1
DA:3,1
DA:5,1
DA:37,1
DA:39,2
DA:41,2
DA:42,1
DA:47,1
DA:48,1
DA:50,1
DA:62,1
DA:64,1
DA:65,1
DA:66,1
DA:67,1
DA:69,0
DA:72,1
DA:73,1
DA:75,1
DA:76,1
DA:77,1
DA:79,1
DA:80,1
DA:82,1
DA:83,1
DA:85,1
DA:86,1
DA:87,1
DA:88,1
DA:90,1
DA:92,1
DA:96,1
DA:98,1
DA:99,1
DA:100,1
DA:102,1
DA:105,1
DA:106,0
DA:107,0
DA:111,0
DA:112,0
DA:113,0
DA:114,0
DA:116,0
DA:117,0
DA:118,0
DA:122,1
DA:123,1
DA:124,1
DA:125,1
DA:126,1
DA:127,1
DA:129,1
DA:131,1
DA:132,1
DA:134,1
DA:135,2
DA:136,1
DA:137,1
DA:138,1
DA:141,0
DA:144,1
DA:145,1
DA:146,1
DA:147,1
DA:148,1
DA:150,1
DA:153,0
DA:158,1
DA:161,0
DA:162,0
DA:170,1
LF:73
LH:59
BRDA:41,0,0,1
BRDA:41,0,1,1
BRDA:41,1,0,2
BRDA:41,1,1,2
BRDA:41,1,2,1
BRDA:41,1,3,1
BRDA:41,1,4,1
BRDA:41,1,5,1
BRDA:62,2,0,1
BRDA:62,2,1,0
BRDA:67,3,0,0
BRDA:67,3,1,1
BRDA:73,4,0,0
BRDA:73,4,1,1
BRDA:77,5,0,0
BRDA:77,5,1,1
BRDA:82,6,0,1
BRDA:82,6,1,0
BRDA:82,7,0,1
BRDA:82,7,1,1
BRDA:102,8,0,1
BRDA:102,8,1,0
BRDA:105,9,0,0
BRDA:105,9,1,1
BRDA:105,10,0,1
BRDA:105,10,1,0
BRDA:107,11,0,0
BRDA:107,11,1,0
BRDA:111,12,0,0
BRDA:111,12,1,0
BRDA:113,13,0,0
BRDA:113,13,1,0
BRDA:116,14,0,0
BRDA:116,14,1,0
BRDA:122,15,0,1
BRDA:122,15,1,0
BRDA:134,16,0,1
BRDA:134,16,1,0
BRDA:161,17,0,0
BRDA:161,17,1,0
BRF:40
BRH:20
end_of_record
TN:
SF:models/deviationLogger.model.js
FN:5,(anonymous_0)
FN:11,(anonymous_1)
FNF:2
FNH:0
FNDA:0,(anonymous_0)
FNDA:0,(anonymous_1)
DA:1,1
DA:3,1
DA:5,1
DA:10,1
DA:12,0
DA:13,0
DA:14,0
DA:18,1
LF:8
LH:5
BRDA:3,0,0,1
BRDA:3,0,1,1
BRF:2
BRH:2
end_of_record
TN:
SF:models/deviationOperations.model.js
FN:5,(anonymous_0)
FN:11,(anonymous_1)
FNF:2
FNH:0
FNDA:0,(anonymous_0)
FNDA:0,(anonymous_1)
DA:1,1
DA:3,1
DA:5,1
DA:10,1
DA:12,0
DA:14,0
DA:27,0
DA:28,0
DA:30,0
DA:31,0
DA:32,0
DA:36,1
LF:12
LH:5
BRDA:3,0,0,1
BRDA:3,0,1,1
BRF:2
BRH:2
end_of_record
TN:
SF:services/deviationLogger.service.js
FN:5,(anonymous_0)
FNF:1
FNH:1
FNDA:1,(anonymous_0)
DA:1,1
DA:2,1
DA:4,1
DA:6,1
DA:7,1
DA:8,0
DA:11,1
DA:12,1
DA:13,2
DA:14,2
DA:15,2
DA:16,2
DA:17,2
DA:19,2
DA:20,1
DA:23,1
DA:24,1
DA:25,1
DA:26,1
DA:29,1
DA:33,1
LF:21
LH:20
BRDA:7,0,0,0
BRDA:7,0,1,1
BRDA:13,1,0,2
BRDA:13,1,1,1
BRDA:14,2,0,2
BRDA:14,2,1,0
BRDA:15,3,0,2
BRDA:15,3,1,0
BRDA:16,4,0,2
BRDA:16,4,1,0
BRDA:19,5,0,1
BRDA:19,5,1,1
BRDA:19,6,0,2
BRDA:19,6,1,1
BRDA:19,6,2,1
BRDA:23,7,0,0
BRDA:23,7,1,1
BRDA:23,8,0,1
BRDA:23,8,1,1
BRDA:23,8,2,1
BRDA:24,9,0,0
BRDA:24,9,1,1
BRF:22
BRH:16
end_of_record
TN:
SF:services/sdip.service.js
FN:9,(anonymous_0)
FN:14,(anonymous_1)
FN:19,(anonymous_2)
FN:24,(anonymous_3)
FNF:4
FNH:1
FNDA:0,(anonymous_0)
FNDA:0,(anonymous_1)
FNDA:0,(anonymous_2)
FNDA:1,(anonymous_3)
DA:1,2
DA:3,2
DA:4,2
DA:5,2
DA:6,2
DA:8,2
DA:10,0
DA:11,0
DA:15,0
DA:16,0
DA:20,0
DA:21,0
DA:25,1
DA:26,1
DA:30,2
LF:15
LH:9
BRF:0
BRH:0
end_of_record
